<?xml version="1.0" encoding="UTF-8"?>
<testng-results ignored="0" total="1" passed="1" failed="0" skipped="0">
  <reporter-output>
  </reporter-output>
  <suite started-at="2023-06-13T12:42:19 IST" name="Default suite" finished-at="2023-06-13T12:43:13 IST" duration-ms="53910">
    <groups>
    </groups>
    <test started-at="2023-06-13T12:42:19 IST" name="Default test" finished-at="2023-06-13T12:43:13 IST" duration-ms="53910">
      <class name="com.myntraProjectFinalUpdated1.App">
        <test-method is-config="true" signature="setup()[pri:0, instance:com.myntraProjectFinalUpdated1.App@4f32a3ad]" started-at="2023-06-13T12:42:19 IST" name="setup" finished-at="2023-06-13T12:42:28 IST" duration-ms="9293" status="PASS">
          <reporter-output>
          </reporter-output>
        </test-method> <!-- setup -->
        <test-method signature="search()[pri:0, instance:com.myntraProjectFinalUpdated1.App@4f32a3ad]" started-at="2023-06-13T12:42:28 IST" name="search" finished-at="2023-06-13T12:43:12 IST" duration-ms="43884" status="PASS">
          <reporter-output>
          </reporter-output>
        </test-method> <!-- search -->
        <test-method is-config="true" signature="tearDown()[pri:0, instance:com.myntraProjectFinalUpdated1.App@4f32a3ad]" started-at="2023-06-13T12:43:12 IST" name="tearDown" finished-at="2023-06-13T12:43:13 IST" duration-ms="666" status="PASS">
          <reporter-output>
          </reporter-output>
        </test-method> <!-- tearDown -->
      </class> <!-- com.myntraProjectFinalUpdated1.App -->
    </test> <!-- Default test -->
  </suite> <!-- Default suite -->
</testng-results>
